2024-09-18 20:18:56,566 - Clipboard: Provider: winctypes
2024-09-18 20:18:56,610 - GL: NPOT texture support is available
2024-09-18 20:18:56,674 - Base: Start application main loop
2024-09-18 20:19:06,059 - Visual studio abierto
2024-09-18 20:20:04,139 - Clipboard: Provider: winctypes
2024-09-18 20:20:04,154 - GL: NPOT texture support is available
2024-09-18 20:20:04,192 - Base: Start application main loop
2024-09-18 20:29:24,649 - Clipboard: Provider: winctypes
2024-09-18 20:29:24,662 - GL: NPOT texture support is available
2024-09-18 20:29:24,695 - Base: Start application main loop
2024-09-18 20:29:37,291 - Visual studio abierto
2024-09-18 20:32:00,729 - Clipboard: Provider: winctypes
2024-09-18 20:32:00,742 - GL: NPOT texture support is available
2024-09-18 20:32:00,786 - Base: Start application main loop
2024-09-18 20:32:02,933 - Power Shell abierto
2024-09-18 20:32:05,977 - Terminal abierto
2024-09-18 20:32:28,246 - Pagina web abierta
2024-09-18 20:33:29,209 - Clipboard: Provider: winctypes
2024-09-18 20:33:29,222 - GL: NPOT texture support is available
2024-09-18 20:33:29,255 - Base: Start application main loop
2024-09-18 20:33:49,363 - Pagina web abierta
2024-09-18 20:36:03,189 - Clipboard: Provider: winctypes
2024-09-18 20:36:03,203 - GL: NPOT texture support is available
2024-09-18 20:36:03,235 - Base: Start application main loop
2024-09-18 20:36:04,727 - P·gina web abierta
2024-09-18 20:39:08,048 - Clipboard: Provider: winctypes
2024-09-18 20:39:08,063 - GL: NPOT texture support is available
2024-09-18 20:39:08,096 - Base: Start application main loop
2024-09-18 20:39:13,439 - P·gina web abierta
2024-09-18 20:39:18,020 - Terminal abierto
2024-09-18 20:39:20,343 - Power Shell abierto
2024-09-18 20:39:24,658 - Terminal abierto
2024-09-18 20:39:39,059 - Clipboard: Provider: winctypes
2024-09-18 20:39:39,072 - GL: NPOT texture support is available
2024-09-18 20:39:39,104 - Base: Start application main loop
2024-09-18 20:39:41,906 - Terminal abierto
2024-09-21 13:48:52,652 - Clipboard: Provider: winctypes
2024-09-21 13:48:52,673 - GL: NPOT texture support is available
2024-09-21 13:48:52,719 - Base: Start application main loop
2024-09-21 13:48:54,462 - Base: Leaving application in progress...
